This is pdfTeX, Version 3.1415926-2.5-1.40.14 (TeX Live 2013/Debian) (format=pdflatex 2019.9.13)  22 NOV 2019 01:25
entering extended mode
 restricted \write18 enabled.
 %&-line parsing enabled.
**report.tex
(./report.tex
LaTeX2e <2011/06/27>
Babel <3.9h> and hyphenation patterns for 9 languages loaded.
(/usr/share/texlive/texmf-dist/tex/latex/base/article.cls
Document Class: article 2007/10/19 v1.4h Standard LaTeX document class
(/usr/share/texlive/texmf-dist/tex/latex/base/size12.clo
File: size12.clo 2007/10/19 v1.4h Standard LaTeX file (size option)
)
\c@part=\count79
\c@section=\count80
\c@subsection=\count81
\c@subsubsection=\count82
\c@paragraph=\count83
\c@subparagraph=\count84
\c@figure=\count85
\c@table=\count86
\abovecaptionskip=\skip41
\belowcaptionskip=\skip42
\bibindent=\dimen102
)
(/usr/share/texlive/texmf-dist/tex/latex/listings/listings.sty
(/usr/share/texlive/texmf-dist/tex/latex/graphics/keyval.sty
Package: keyval 1999/03/16 v1.13 key=value parser (DPC)
\KV@toks@=\toks14
)
\lst@mode=\count87
\lst@gtempboxa=\box26
\lst@token=\toks15
\lst@length=\count88
\lst@currlwidth=\dimen103
\lst@column=\count89
\lst@pos=\count90
\lst@lostspace=\dimen104
\lst@width=\dimen105
\lst@newlines=\count91
\lst@lineno=\count92
\lst@maxwidth=\dimen106

(/usr/share/texlive/texmf-dist/tex/latex/listings/lstmisc.sty
File: lstmisc.sty 2013/08/26 1.5b (Carsten Heinz)
\c@lstnumber=\count93
\lst@skipnumbers=\count94
\lst@framebox=\box27
)
(/usr/share/texlive/texmf-dist/tex/latex/listings/listings.cfg
File: listings.cfg 2013/08/26 1.5b listings configuration
))
Package: listings 2013/08/26 1.5b (Carsten Heinz)
 (./header.tex
(/usr/share/texlive/texmf-dist/tex/latex/base/inputenc.sty
Package: inputenc 2008/03/30 v1.1d Input encoding file
\inpenc@prehook=\toks16
\inpenc@posthook=\toks17

(/usr/share/texlive/texmf-dist/tex/latex/ucs/utf8x.def
File: utf8x.def 2004/10/17 UCS: Input encoding UTF-8
))
(/usr/share/texlive/texmf-dist/tex/latex/ucs/ucs.sty
Package: ucs 2013/05/11 v2.2 UCS: Unicode input support

(/usr/share/texlive/texmf-dist/tex/latex/ucs/data/uni-global.def
File: uni-global.def 2013/05/13 UCS: Unicode global data
)
\uc@secondtry=\count95
\uc@combtoks=\toks18
\uc@combtoksb=\toks19
\uc@temptokena=\toks20
)
(/usr/share/texlive/texmf-dist/tex/latex/base/fontenc.sty
Package: fontenc 2005/09/27 v1.99g Standard LaTeX package

(/usr/share/texlive/texmf-dist/tex/latex/cyrillic/t2aenc.def
File: t2aenc.def 2005/09/27 v1.0i Cyrillic encoding definition file
)
LaTeX Font Info:    Try loading font information for T2A+cmr on input line 100.


(/usr/share/texlive/texmf-dist/tex/latex/cyrillic/t2acmr.fd
File: t2acmr.fd 2001/08/11 v1.0a Computer Modern Cyrillic font definitions
))
(/usr/share/texlive/texmf-dist/tex/generic/babel/babel.sty
Package: babel 2013/12/03 3.9h The Babel package

(/usr/share/texlive/texmf-dist/tex/generic/babel-english/english.ldf
Language: english 2012/08/20 v3.3p English support from the babel system

(/usr/share/texlive/texmf-dist/tex/generic/babel/babel.def
File: babel.def 2013/12/03 3.9h Babel common definitions
\babel@savecnt=\count96
\U@D=\dimen107
)
\l@british = a dialect from \language\l@english 
\l@UKenglish = a dialect from \language\l@english 
\l@canadian = a dialect from \language\l@american 
\l@australian = a dialect from \language\l@british 
\l@newzealand = a dialect from \language\l@british 
)
(/usr/share/texlive/texmf-dist/tex/generic/babel-russian/russianb.ldf
Language: russian 2013/04/13 1.3a Russian support from the babel system
Package babel Info: Making " an active character on input line 147.
))
(/usr/share/texlive/texmf-dist/tex/latex/graphics/graphicx.sty
Package: graphicx 1999/02/16 v1.0f Enhanced LaTeX Graphics (DPC,SPQR)

(/usr/share/texlive/texmf-dist/tex/latex/graphics/graphics.sty
Package: graphics 2009/02/05 v1.0o Standard LaTeX Graphics (DPC,SPQR)

(/usr/share/texlive/texmf-dist/tex/latex/graphics/trig.sty
Package: trig 1999/03/16 v1.09 sin cos tan (DPC)
)
(/usr/share/texlive/texmf-dist/tex/latex/latexconfig/graphics.cfg
File: graphics.cfg 2010/04/23 v1.9 graphics configuration of TeX Live
)
Package graphics Info: Driver file: pdftex.def on input line 91.

(/usr/share/texlive/texmf-dist/tex/latex/pdftex-def/pdftex.def
File: pdftex.def 2011/05/27 v0.06d Graphics/color for pdfTeX

(/usr/share/texlive/texmf-dist/tex/generic/oberdiek/infwarerr.sty
Package: infwarerr 2010/04/08 v1.3 Providing info/warning/error messages (HO)
)
(/usr/share/texlive/texmf-dist/tex/generic/oberdiek/ltxcmds.sty
Package: ltxcmds 2011/11/09 v1.22 LaTeX kernel commands for general use (HO)
)
\Gread@gobject=\count97
))
\Gin@req@height=\dimen108
\Gin@req@width=\dimen109
)
(/usr/share/texmf/tex/latex/pgf/frontendlayer/tikz.sty
(/usr/share/texmf/tex/latex/pgf/basiclayer/pgf.sty
(/usr/share/texmf/tex/latex/pgf/utilities/pgfrcs.sty
(/usr/share/texmf/tex/generic/pgf/utilities/pgfutil-common.tex
\pgfutil@everybye=\toks21
)
(/usr/share/texmf/tex/generic/pgf/utilities/pgfutil-latex.def
\pgfutil@abb=\box28

(/usr/share/texlive/texmf-dist/tex/latex/ms/everyshi.sty
Package: everyshi 2001/05/15 v3.00 EveryShipout Package (MS)
))
(/usr/share/texmf/tex/generic/pgf/utilities/pgfrcs.code.tex
Package: pgfrcs 2010/10/25 v2.10 (rcs-revision 1.24)
))
Package: pgf 2008/01/15 v2.10 (rcs-revision 1.12)

(/usr/share/texmf/tex/latex/pgf/basiclayer/pgfcore.sty
(/usr/share/texmf/tex/latex/pgf/systemlayer/pgfsys.sty
(/usr/share/texmf/tex/generic/pgf/systemlayer/pgfsys.code.tex
Package: pgfsys 2010/06/30 v2.10 (rcs-revision 1.37)

(/usr/share/texmf/tex/generic/pgf/utilities/pgfkeys.code.tex
\pgfkeys@pathtoks=\toks22
\pgfkeys@temptoks=\toks23

(/usr/share/texmf/tex/generic/pgf/utilities/pgfkeysfiltered.code.tex
\pgfkeys@tmptoks=\toks24
))
\pgf@x=\dimen110
\pgf@y=\dimen111
\pgf@xa=\dimen112
\pgf@ya=\dimen113
\pgf@xb=\dimen114
\pgf@yb=\dimen115
\pgf@xc=\dimen116
\pgf@yc=\dimen117
\w@pgf@writea=\write3
\r@pgf@reada=\read1
\c@pgf@counta=\count98
\c@pgf@countb=\count99
\c@pgf@countc=\count100
\c@pgf@countd=\count101

(/usr/share/texmf/tex/generic/pgf/systemlayer/pgf.cfg
File: pgf.cfg 2008/05/14  (rcs-revision 1.7)
)
Package pgfsys Info: Driver file for pgf: pgfsys-pdftex.def on input line 900.

(/usr/share/texmf/tex/generic/pgf/systemlayer/pgfsys-pdftex.def
File: pgfsys-pdftex.def 2009/05/22  (rcs-revision 1.26)

(/usr/share/texmf/tex/generic/pgf/systemlayer/pgfsys-common-pdf.def
File: pgfsys-common-pdf.def 2008/05/19  (rcs-revision 1.10)
)))
(/usr/share/texmf/tex/generic/pgf/systemlayer/pgfsyssoftpath.code.tex
File: pgfsyssoftpath.code.tex 2008/07/18  (rcs-revision 1.7)
\pgfsyssoftpath@smallbuffer@items=\count102
\pgfsyssoftpath@bigbuffer@items=\count103
)
(/usr/share/texmf/tex/generic/pgf/systemlayer/pgfsysprotocol.code.tex
File: pgfsysprotocol.code.tex 2006/10/16  (rcs-revision 1.4)
))
(/usr/share/texmf/tex/latex/xcolor/xcolor.sty
Package: xcolor 2007/01/21 v2.11 LaTeX color extensions (UK)

(/usr/share/texlive/texmf-dist/tex/latex/latexconfig/color.cfg
File: color.cfg 2007/01/18 v1.5 color configuration of teTeX/TeXLive
)
Package xcolor Info: Driver file: pdftex.def on input line 225.
Package xcolor Info: Model `cmy' substituted by `cmy0' on input line 1337.
Package xcolor Info: Model `hsb' substituted by `rgb' on input line 1341.
Package xcolor Info: Model `RGB' extended on input line 1353.
Package xcolor Info: Model `HTML' substituted by `rgb' on input line 1355.
Package xcolor Info: Model `Hsb' substituted by `hsb' on input line 1356.
Package xcolor Info: Model `tHsb' substituted by `hsb' on input line 1357.
Package xcolor Info: Model `HSB' substituted by `hsb' on input line 1358.
Package xcolor Info: Model `Gray' substituted by `gray' on input line 1359.
Package xcolor Info: Model `wave' substituted by `hsb' on input line 1360.
)
(/usr/share/texmf/tex/generic/pgf/basiclayer/pgfcore.code.tex
Package: pgfcore 2010/04/11 v2.10 (rcs-revision 1.7)

(/usr/share/texmf/tex/generic/pgf/math/pgfmath.code.tex
(/usr/share/texmf/tex/generic/pgf/math/pgfmathcalc.code.tex
(/usr/share/texmf/tex/generic/pgf/math/pgfmathutil.code.tex)
(/usr/share/texmf/tex/generic/pgf/math/pgfmathparser.code.tex
\pgfmath@dimen=\dimen118
\pgfmath@count=\count104
\pgfmath@box=\box29
\pgfmath@toks=\toks25
\pgfmath@stack@operand=\toks26
\pgfmath@stack@operation=\toks27
)
(/usr/share/texmf/tex/generic/pgf/math/pgfmathfunctions.code.tex
(/usr/share/texmf/tex/generic/pgf/math/pgfmathfunctions.basic.code.tex)
(/usr/share/texmf/tex/generic/pgf/math/pgfmathfunctions.trigonometric.code.tex)
(/usr/share/texmf/tex/generic/pgf/math/pgfmathfunctions.random.code.tex)
(/usr/share/texmf/tex/generic/pgf/math/pgfmathfunctions.comparison.code.tex)
(/usr/share/texmf/tex/generic/pgf/math/pgfmathfunctions.base.code.tex)
(/usr/share/texmf/tex/generic/pgf/math/pgfmathfunctions.round.code.tex)
(/usr/share/texmf/tex/generic/pgf/math/pgfmathfunctions.misc.code.tex)))
(/usr/share/texmf/tex/generic/pgf/math/pgfmathfloat.code.tex
\c@pgfmathroundto@lastzeros=\count105
))
(/usr/share/texmf/tex/generic/pgf/basiclayer/pgfcorepoints.code.tex
File: pgfcorepoints.code.tex 2010/04/09  (rcs-revision 1.20)
\pgf@picminx=\dimen119
\pgf@picmaxx=\dimen120
\pgf@picminy=\dimen121
\pgf@picmaxy=\dimen122
\pgf@pathminx=\dimen123
\pgf@pathmaxx=\dimen124
\pgf@pathminy=\dimen125
\pgf@pathmaxy=\dimen126
\pgf@xx=\dimen127
\pgf@xy=\dimen128
\pgf@yx=\dimen129
\pgf@yy=\dimen130
\pgf@zx=\dimen131
\pgf@zy=\dimen132
)
(/usr/share/texmf/tex/generic/pgf/basiclayer/pgfcorepathconstruct.code.tex
File: pgfcorepathconstruct.code.tex 2010/08/03  (rcs-revision 1.24)
\pgf@path@lastx=\dimen133
\pgf@path@lasty=\dimen134
)
(/usr/share/texmf/tex/generic/pgf/basiclayer/pgfcorepathusage.code.tex
File: pgfcorepathusage.code.tex 2008/04/22  (rcs-revision 1.12)
\pgf@shorten@end@additional=\dimen135
\pgf@shorten@start@additional=\dimen136
)
(/usr/share/texmf/tex/generic/pgf/basiclayer/pgfcorescopes.code.tex
File: pgfcorescopes.code.tex 2010/09/08  (rcs-revision 1.34)
\pgfpic=\box30
\pgf@hbox=\box31
\pgf@layerbox@main=\box32
\pgf@picture@serial@count=\count106
)
(/usr/share/texmf/tex/generic/pgf/basiclayer/pgfcoregraphicstate.code.tex
File: pgfcoregraphicstate.code.tex 2008/04/22  (rcs-revision 1.9)
\pgflinewidth=\dimen137
)
(/usr/share/texmf/tex/generic/pgf/basiclayer/pgfcoretransformations.code.tex
File: pgfcoretransformations.code.tex 2009/06/10  (rcs-revision 1.11)
\pgf@pt@x=\dimen138
\pgf@pt@y=\dimen139
\pgf@pt@temp=\dimen140
)
(/usr/share/texmf/tex/generic/pgf/basiclayer/pgfcorequick.code.tex
File: pgfcorequick.code.tex 2008/10/09  (rcs-revision 1.3)
)
(/usr/share/texmf/tex/generic/pgf/basiclayer/pgfcoreobjects.code.tex
File: pgfcoreobjects.code.tex 2006/10/11  (rcs-revision 1.2)
)
(/usr/share/texmf/tex/generic/pgf/basiclayer/pgfcorepathprocessing.code.tex
File: pgfcorepathprocessing.code.tex 2008/10/09  (rcs-revision 1.8)
)
(/usr/share/texmf/tex/generic/pgf/basiclayer/pgfcorearrows.code.tex
File: pgfcorearrows.code.tex 2008/04/23  (rcs-revision 1.11)
)
(/usr/share/texmf/tex/generic/pgf/basiclayer/pgfcoreshade.code.tex
File: pgfcoreshade.code.tex 2008/11/23  (rcs-revision 1.13)
\pgf@max=\dimen141
\pgf@sys@shading@range@num=\count107
)
(/usr/share/texmf/tex/generic/pgf/basiclayer/pgfcoreimage.code.tex
File: pgfcoreimage.code.tex 2010/03/25  (rcs-revision 1.16)

(/usr/share/texmf/tex/generic/pgf/basiclayer/pgfcoreexternal.code.tex
File: pgfcoreexternal.code.tex 2010/09/01  (rcs-revision 1.17)
\pgfexternal@startupbox=\box33
))
(/usr/share/texmf/tex/generic/pgf/basiclayer/pgfcorelayers.code.tex
File: pgfcorelayers.code.tex 2010/08/27  (rcs-revision 1.2)
)
(/usr/share/texmf/tex/generic/pgf/basiclayer/pgfcoretransparency.code.tex
File: pgfcoretransparency.code.tex 2008/01/17  (rcs-revision 1.2)
)
(/usr/share/texmf/tex/generic/pgf/basiclayer/pgfcorepatterns.code.tex
File: pgfcorepatterns.code.tex 2009/07/02  (rcs-revision 1.3)
)))
(/usr/share/texmf/tex/generic/pgf/modules/pgfmoduleshapes.code.tex
File: pgfmoduleshapes.code.tex 2010/09/09  (rcs-revision 1.13)
\pgfnodeparttextbox=\box34
)
(/usr/share/texmf/tex/generic/pgf/modules/pgfmoduleplot.code.tex
File: pgfmoduleplot.code.tex 2010/10/22  (rcs-revision 1.8)
)
(/usr/share/texmf/tex/latex/pgf/compatibility/pgfcomp-version-0-65.sty
Package: pgfcomp-version-0-65 2007/07/03 v2.10 (rcs-revision 1.7)
\pgf@nodesepstart=\dimen142
\pgf@nodesepend=\dimen143
)
(/usr/share/texmf/tex/latex/pgf/compatibility/pgfcomp-version-1-18.sty
Package: pgfcomp-version-1-18 2007/07/23 v2.10 (rcs-revision 1.1)
))
(/usr/share/texmf/tex/latex/pgf/utilities/pgffor.sty
(/usr/share/texmf/tex/latex/pgf/utilities/pgfkeys.sty
(/usr/share/texmf/tex/generic/pgf/utilities/pgfkeys.code.tex))
(/usr/share/texmf/tex/generic/pgf/utilities/pgffor.code.tex
Package: pgffor 2010/03/23 v2.10 (rcs-revision 1.18)
\pgffor@iter=\dimen144
\pgffor@skip=\dimen145
\pgffor@stack=\toks28
\pgffor@toks=\toks29
))
(/usr/share/texmf/tex/generic/pgf/frontendlayer/tikz/tikz.code.tex
Package: tikz 2010/10/13 v2.10 (rcs-revision 1.76)

(/usr/share/texmf/tex/generic/pgf/libraries/pgflibraryplothandlers.code.tex
File: pgflibraryplothandlers.code.tex 2010/05/31 v2.10 (rcs-revision 1.15)
\pgf@plot@mark@count=\count108
\pgfplotmarksize=\dimen146
)
\tikz@lastx=\dimen147
\tikz@lasty=\dimen148
\tikz@lastxsaved=\dimen149
\tikz@lastysaved=\dimen150
\tikzleveldistance=\dimen151
\tikzsiblingdistance=\dimen152
\tikz@figbox=\box35
\tikz@tempbox=\box36
\tikztreelevel=\count109
\tikznumberofchildren=\count110
\tikznumberofcurrentchild=\count111
\tikz@fig@count=\count112

(/usr/share/texmf/tex/generic/pgf/modules/pgfmodulematrix.code.tex
File: pgfmodulematrix.code.tex 2010/08/24  (rcs-revision 1.4)
\pgfmatrixcurrentrow=\count113
\pgfmatrixcurrentcolumn=\count114
\pgf@matrix@numberofcolumns=\count115
)
\tikz@expandcount=\count116

(/usr/share/texmf/tex/generic/pgf/frontendlayer/tikz/libraries/tikzlibrarytopat
hs.code.tex
File: tikzlibrarytopaths.code.tex 2008/06/17 v2.10 (rcs-revision 1.2)
)))
(/usr/share/texmf/tex/generic/pgf/frontendlayer/tikz/libraries/tikzlibrarysnake
s.code.tex
File: tikzlibrarysnakes.code.tex 2008/02/05 v2.10 (rcs-revision 1.6)


Package tikz Warning: Snakes have been superseded by decorations. Please use th
e decoration libraries instead of the snakes library on input line 14.


(/usr/share/texmf/tex/generic/pgf/frontendlayer/tikz/libraries/tikzlibrarydecor
ations.pathmorphing.code.tex
(/usr/share/texmf/tex/generic/pgf/frontendlayer/tikz/libraries/tikzlibrarydecor
ations.code.tex
(/usr/share/texmf/tex/generic/pgf/modules/pgfmoduledecorations.code.tex
\pgfdecoratedcompleteddistance=\dimen153
\pgfdecoratedremainingdistance=\dimen154
\pgfdecoratedinputsegmentcompleteddistance=\dimen155
\pgfdecoratedinputsegmentremainingdistance=\dimen156
\pgf@decorate@distancetomove=\dimen157
\pgf@decorate@repeatstate=\count117
\pgfdecorationsegmentamplitude=\dimen158
\pgfdecorationsegmentlength=\dimen159
)
\tikz@lib@dec@box=\box37
)
(/usr/share/texmf/tex/generic/pgf/libraries/decorations/pgflibrarydecorations.p
athmorphing.code.tex))
(/usr/share/texmf/tex/generic/pgf/frontendlayer/tikz/libraries/tikzlibrarydecor
ations.pathreplacing.code.tex
(/usr/share/texmf/tex/generic/pgf/libraries/decorations/pgflibrarydecorations.p
athreplacing.code.tex))
(/usr/share/texmf/tex/generic/pgf/frontendlayer/tikz/libraries/tikzlibrarydecor
ations.shapes.code.tex
(/usr/share/texmf/tex/generic/pgf/libraries/decorations/pgflibrarydecorations.s
hapes.code.tex)))
(/usr/share/texmf/tex/generic/pgf/frontendlayer/tikz/libraries/tikzlibraryarrow
s.code.tex
File: tikzlibraryarrows.code.tex 2008/01/09 v2.10 (rcs-revision 1.1)

(/usr/share/texmf/tex/generic/pgf/libraries/pgflibraryarrows.code.tex
File: pgflibraryarrows.code.tex 2008/10/27 v2.10 (rcs-revision 1.9)
\arrowsize=\dimen160
))
(/usr/share/texmf/tex/generic/pgf/frontendlayer/tikz/libraries/tikzlibraryshape
s.code.tex
File: tikzlibraryshapes.code.tex 2008/01/09 v2.10 (rcs-revision 1.1)

(/usr/share/texmf/tex/generic/pgf/frontendlayer/tikz/libraries/tikzlibraryshape
s.geometric.code.tex
File: tikzlibraryshapes.geometric.code.tex 2008/01/09 v2.10 (rcs-revision 1.1)

(/usr/share/texmf/tex/generic/pgf/libraries/shapes/pgflibraryshapes.geometric.c
ode.tex
File: pgflibraryshapes.geometric.code.tex 2008/06/26 v2.10 (rcs-revision 1.1)
))
(/usr/share/texmf/tex/generic/pgf/frontendlayer/tikz/libraries/tikzlibraryshape
s.misc.code.tex
File: tikzlibraryshapes.misc.code.tex 2008/01/09 v2.10 (rcs-revision 1.1)

(/usr/share/texmf/tex/generic/pgf/libraries/shapes/pgflibraryshapes.misc.code.t
ex
File: pgflibraryshapes.misc.code.tex 2008/10/07 v2.10 (rcs-revision 1.3)
))
(/usr/share/texmf/tex/generic/pgf/frontendlayer/tikz/libraries/tikzlibraryshape
s.symbols.code.tex
File: tikzlibraryshapes.symbols.code.tex 2008/01/09 v2.10 (rcs-revision 1.1)

(/usr/share/texmf/tex/generic/pgf/libraries/shapes/pgflibraryshapes.symbols.cod
e.tex
File: pgflibraryshapes.symbols.code.tex 2009/10/27 v2.10 (rcs-revision 1.3)
))
(/usr/share/texmf/tex/generic/pgf/frontendlayer/tikz/libraries/tikzlibraryshape
s.arrows.code.tex
File: tikzlibraryshapes.arrows.code.tex 2008/01/09 v2.10 (rcs-revision 1.1)

(/usr/share/texmf/tex/generic/pgf/libraries/shapes/pgflibraryshapes.arrows.code
.tex
File: pgflibraryshapes.arrows.code.tex 2008/06/26 v2.10 (rcs-revision 1.1)
))
(/usr/share/texmf/tex/generic/pgf/frontendlayer/tikz/libraries/tikzlibraryshape
s.callouts.code.tex
(/usr/share/texmf/tex/generic/pgf/libraries/shapes/pgflibraryshapes.callouts.co
de.tex))
(/usr/share/texmf/tex/generic/pgf/frontendlayer/tikz/libraries/tikzlibraryshape
s.multipart.code.tex
File: tikzlibraryshapes.multipart.code.tex 2008/01/09 v2.10 (rcs-revision 1.1)

(/usr/share/texmf/tex/generic/pgf/libraries/shapes/pgflibraryshapes.multipart.c
ode.tex
File: pgflibraryshapes.multipart.code.tex 2010/01/07 v2.10 (rcs-revision 1.2)
\pgfnodepartlowerbox=\box38
\pgfnodeparttwobox=\box39
\pgfnodepartthreebox=\box40
\pgfnodepartfourbox=\box41
\pgfnodeparttwentybox=\box42
\pgfnodepartnineteenbox=\box43
\pgfnodeparteighteenbox=\box44
\pgfnodepartseventeenbox=\box45
\pgfnodepartsixteenbox=\box46
\pgfnodepartfifteenbox=\box47
\pgfnodepartfourteenbox=\box48
\pgfnodepartthirteenbox=\box49
\pgfnodeparttwelvebox=\box50
\pgfnodepartelevenbox=\box51
\pgfnodeparttenbox=\box52
\pgfnodepartninebox=\box53
\pgfnodeparteightbox=\box54
\pgfnodepartsevenbox=\box55
\pgfnodepartsixbox=\box56
\pgfnodepartfivebox=\box57
))) (/usr/share/texlive/texmf-dist/tex/latex/t2/misccorr.sty
Package: misccorr 1999/09/23 v0.1 misc corrections for russian typesetting

(/usr/share/texlive/texmf-dist/tex/latex/amsfonts/amssymb.sty
Package: amssymb 2013/01/14 v3.01 AMS font symbols

(/usr/share/texlive/texmf-dist/tex/latex/amsfonts/amsfonts.sty
Package: amsfonts 2013/01/14 v3.01 Basic AMSFonts support
\@emptytoks=\toks30
\symAMSa=\mathgroup4
\symAMSb=\mathgroup5
LaTeX Font Info:    Overwriting math alphabet `\mathfrak' in version `bold'
(Font)                  U/euf/m/n --> U/euf/b/n on input line 106.
))
(/usr/share/texlive/texmf-dist/tex/latex/tools/enumerate.sty
Package: enumerate 1999/03/05 v3.00 enumerate extensions (DPC)
\@enLab=\toks31
)
\c@rlistctr=\count118
)
(/usr/share/texlive/texmf-dist/tex/latex/tools/indentfirst.sty
Package: indentfirst 1995/11/23 v1.03 Indent first paragraph (DPC)
)
(/usr/share/texlive/texmf-dist/tex/latex/hyperref/hyperref.sty
Package: hyperref 2012/11/06 v6.83m Hypertext links for LaTeX

(/usr/share/texlive/texmf-dist/tex/generic/oberdiek/hobsub-hyperref.sty
Package: hobsub-hyperref 2012/05/28 v1.13 Bundle oberdiek, subset hyperref (HO)


(/usr/share/texlive/texmf-dist/tex/generic/oberdiek/hobsub-generic.sty
Package: hobsub-generic 2012/05/28 v1.13 Bundle oberdiek, subset generic (HO)
Package: hobsub 2012/05/28 v1.13 Construct package bundles (HO)
Package hobsub Info: Skipping package `infwarerr' (already loaded).
Package hobsub Info: Skipping package `ltxcmds' (already loaded).
Package: ifluatex 2010/03/01 v1.3 Provides the ifluatex switch (HO)
Package ifluatex Info: LuaTeX not detected.
Package: ifvtex 2010/03/01 v1.5 Detect VTeX and its facilities (HO)
Package ifvtex Info: VTeX not detected.
Package: intcalc 2007/09/27 v1.1 Expandable calculations with integers (HO)
Package: ifpdf 2011/01/30 v2.3 Provides the ifpdf switch (HO)
Package ifpdf Info: pdfTeX in PDF mode is detected.
Package: etexcmds 2011/02/16 v1.5 Avoid name clashes with e-TeX commands (HO)
Package etexcmds Info: Could not find \expanded.
(etexcmds)             That can mean that you are not using pdfTeX 1.50 or
(etexcmds)             that some package has redefined \expanded.
(etexcmds)             In the latter case, load this package earlier.
Package: kvsetkeys 2012/04/25 v1.16 Key value parser (HO)
Package: kvdefinekeys 2011/04/07 v1.3 Define keys (HO)
Package: pdftexcmds 2011/11/29 v0.20 Utility functions of pdfTeX for LuaTeX (HO
)
Package pdftexcmds Info: LuaTeX not detected.
Package pdftexcmds Info: \pdf@primitive is available.
Package pdftexcmds Info: \pdf@ifprimitive is available.
Package pdftexcmds Info: \pdfdraftmode found.
Package: pdfescape 2011/11/25 v1.13 Implements pdfTeX's escape features (HO)
Package: bigintcalc 2012/04/08 v1.3 Expandable calculations on big integers (HO
)
Package: bitset 2011/01/30 v1.1 Handle bit-vector datatype (HO)
Package: uniquecounter 2011/01/30 v1.2 Provide unlimited unique counter (HO)
)
Package hobsub Info: Skipping package `hobsub' (already loaded).
Package: letltxmacro 2010/09/02 v1.4 Let assignment for LaTeX macros (HO)
Package: hopatch 2012/05/28 v1.2 Wrapper for package hooks (HO)
Package: xcolor-patch 2011/01/30 xcolor patch
Package: atveryend 2011/06/30 v1.8 Hooks at the very end of document (HO)
Package atveryend Info: \enddocument detected (standard20110627).
Package: atbegshi 2011/10/05 v1.16 At begin shipout hook (HO)
Package: refcount 2011/10/16 v3.4 Data extraction from label references (HO)
Package: hycolor 2011/01/30 v1.7 Color options for hyperref/bookmark (HO)
)
(/usr/share/texlive/texmf-dist/tex/generic/ifxetex/ifxetex.sty
Package: ifxetex 2010/09/12 v0.6 Provides ifxetex conditional
)
(/usr/share/texlive/texmf-dist/tex/latex/oberdiek/auxhook.sty
Package: auxhook 2011/03/04 v1.3 Hooks for auxiliary files (HO)
)
(/usr/share/texlive/texmf-dist/tex/latex/oberdiek/kvoptions.sty
Package: kvoptions 2011/06/30 v3.11 Key value format for package options (HO)
)
\@linkdim=\dimen161
\Hy@linkcounter=\count119
\Hy@pagecounter=\count120

(/usr/share/texlive/texmf-dist/tex/latex/hyperref/pd1enc.def
File: pd1enc.def 2012/11/06 v6.83m Hyperref: PDFDocEncoding definition (HO)
)
\Hy@SavedSpaceFactor=\count121
Package hyperref Info: Option `unicode' set `true' on input line 3411.

(/usr/share/texlive/texmf-dist/tex/latex/hyperref/puenc.def
File: puenc.def 2012/11/06 v6.83m Hyperref: PDF Unicode definition (HO)
)
(/usr/share/texlive/texmf-dist/tex/latex/latexconfig/hyperref.cfg
File: hyperref.cfg 2002/06/06 v1.2 hyperref configuration of TeXLive
)
Package hyperref Info: Option `bookmarks' set `true' on input line 4319.
Package hyperref Info: Option `colorlinks' set `true' on input line 4319.
Package hyperref Info: Option `unicode' set `true' on input line 4319.
Package hyperref Info: Hyper figures OFF on input line 4443.
Package hyperref Info: Link nesting OFF on input line 4448.
Package hyperref Info: Hyper index ON on input line 4451.
Package hyperref Info: Plain pages OFF on input line 4458.
Package hyperref Info: Backreferencing OFF on input line 4463.
Package hyperref Info: Implicit mode ON; LaTeX internals redefined.
Package hyperref Info: Bookmarks ON on input line 4688.
\c@Hy@tempcnt=\count122

(/usr/share/texlive/texmf-dist/tex/latex/url/url.sty
\Urlmuskip=\muskip10
Package: url 2013/09/16  ver 3.4  Verb mode for urls, etc.
)
LaTeX Info: Redefining \url on input line 5041.
\XeTeXLinkMargin=\dimen162
\Fld@menulength=\count123
\Field@Width=\dimen163
\Fld@charsize=\dimen164
Package hyperref Info: Hyper figures OFF on input line 6295.
Package hyperref Info: Link nesting OFF on input line 6300.
Package hyperref Info: Hyper index ON on input line 6303.
Package hyperref Info: backreferencing OFF on input line 6310.
Package hyperref Info: Link coloring ON on input line 6313.
Package hyperref Info: Link coloring with OCG OFF on input line 6320.
Package hyperref Info: PDF/A mode OFF on input line 6325.
LaTeX Info: Redefining \ref on input line 6365.
LaTeX Info: Redefining \pageref on input line 6369.
\Hy@abspage=\count124
\c@Item=\count125
\c@Hfootnote=\count126
)

Package hyperref Message: Driver (autodetected): hpdftex.

(/usr/share/texlive/texmf-dist/tex/latex/hyperref/hpdftex.def
File: hpdftex.def 2012/11/06 v6.83m Hyperref driver for pdfTeX
\Fld@listcount=\count127
\c@bookmark@seq@number=\count128

(/usr/share/texlive/texmf-dist/tex/latex/oberdiek/rerunfilecheck.sty
Package: rerunfilecheck 2011/04/15 v1.7 Rerun checks for auxiliary files (HO)
Package uniquecounter Info: New unique counter `rerunfilecheck' on input line 2
82.
)
\Hy@SectionHShift=\skip43
)
(/usr/share/texlive/texmf-dist/tex/latex/tools/verbatim.sty
Package: verbatim 2003/08/22 v1.5q LaTeX2e package for verbatim enhancements
\every@verbatim=\toks32
\verbatim@line=\toks33
\verbatim@in@stream=\read2
)
(/usr/share/texlive/texmf-dist/tex/latex/fancyvrb/fancyvrb.sty
Package: fancyvrb 2008/02/07

Style option: `fancyvrb' v2.7a, with DG/SPQR fixes, and firstline=lastline fix 
<2008/02/07> (tvz)
\FV@CodeLineNo=\count129
\FV@InFile=\read3
\FV@TabBox=\box58
\c@FancyVerbLine=\count130
\FV@StepNumber=\count131
\FV@OutFile=\write4
)) (./report.aux)
\openout1 = `report.aux'.

LaTeX Font Info:    Checking defaults for OML/cmm/m/it on input line 14.
LaTeX Font Info:    ... okay on input line 14.
LaTeX Font Info:    Checking defaults for T1/cmr/m/n on input line 14.
LaTeX Font Info:    ... okay on input line 14.
LaTeX Font Info:    Checking defaults for OT1/cmr/m/n on input line 14.
LaTeX Font Info:    ... okay on input line 14.
LaTeX Font Info:    Checking defaults for OMS/cmsy/m/n on input line 14.
LaTeX Font Info:    ... okay on input line 14.
LaTeX Font Info:    Checking defaults for OMX/cmex/m/n on input line 14.
LaTeX Font Info:    ... okay on input line 14.
LaTeX Font Info:    Checking defaults for U/cmr/m/n on input line 14.
LaTeX Font Info:    ... okay on input line 14.
LaTeX Font Info:    Checking defaults for T2A/cmr/m/n on input line 14.
LaTeX Font Info:    ... okay on input line 14.
LaTeX Font Info:    Checking defaults for PD1/pdf/m/n on input line 14.
LaTeX Font Info:    ... okay on input line 14.
LaTeX Font Info:    Checking defaults for PU/pdf/m/n on input line 14.
LaTeX Font Info:    ... okay on input line 14.
\c@lstlisting=\count132

(/usr/share/texlive/texmf-dist/tex/latex/ucs/ucsencs.def
File: ucsencs.def 2011/01/21 Fixes to fontencodings LGR, T3
)
(/usr/share/texlive/texmf-dist/tex/context/base/supp-pdf.mkii
[Loading MPS to PDF converter (version 2006.09.02).]
\scratchcounter=\count133
\scratchdimen=\dimen165
\scratchbox=\box59
\nofMPsegments=\count134
\nofMParguments=\count135
\everyMPshowfont=\toks34
\MPscratchCnt=\count136
\MPscratchDim=\dimen166
\MPnumerator=\count137
\makeMPintoPDFobject=\count138
\everyMPtoPDFconversion=\toks35
) (/usr/share/texlive/texmf-dist/tex/latex/oberdiek/epstopdf-base.sty
Package: epstopdf-base 2010/02/09 v2.5 Base part for package epstopdf

(/usr/share/texlive/texmf-dist/tex/latex/oberdiek/grfext.sty
Package: grfext 2010/08/19 v1.1 Manage graphics extensions (HO)
)
Package grfext Info: Graphics extension search list:
(grfext)             [.png,.pdf,.jpg,.mps,.jpeg,.jbig2,.jb2,.PNG,.PDF,.JPG,.JPE
G,.JBIG2,.JB2,.eps]
(grfext)             \AppendGraphicsExtensions on input line 452.

(/usr/share/texlive/texmf-dist/tex/latex/latexconfig/epstopdf-sys.cfg
File: epstopdf-sys.cfg 2010/07/13 v1.3 Configuration of (r)epstopdf for TeX Liv
e
))
ABD: EveryShipout initializing macros
\AtBeginShipoutBox=\box60
Package hyperref Info: Link coloring ON on input line 14.

(/usr/share/texlive/texmf-dist/tex/latex/hyperref/nameref.sty
Package: nameref 2012/10/27 v2.43 Cross-referencing by name of section

(/usr/share/texlive/texmf-dist/tex/generic/oberdiek/gettitlestring.sty
Package: gettitlestring 2010/12/03 v1.4 Cleanup title references (HO)
)
\c@section@level=\count139
)
LaTeX Info: Redefining \ref on input line 14.
LaTeX Info: Redefining \pageref on input line 14.
LaTeX Info: Redefining \nameref on input line 14.

(./report.out) (./report.out)
\@outlinefile=\write5
\openout5 = `report.out'.


(/usr/share/texlive/texmf-dist/tex/latex/ucs/data/uni-4.def
File: uni-4.def 2013/05/13 UCS: Unicode data U+0400..U+04FF
)
LaTeX Font Info:    Try loading font information for U+msa on input line 17.

(/usr/share/texlive/texmf-dist/tex/latex/amsfonts/umsa.fd
File: umsa.fd 2013/01/14 v3.01 AMS symbols A
)
LaTeX Font Info:    Try loading font information for U+msb on input line 17.

(/usr/share/texlive/texmf-dist/tex/latex/amsfonts/umsb.fd
File: umsb.fd 2013/01/14 v3.01 AMS symbols B
) (./report.toc)
\tf@toc=\write6
\openout6 = `report.toc'.

Package babel Info: Redefining russian shorthand "|
(babel)             in language  on input line 22.
Package babel Info: Redefining russian shorthand "~
(babel)             in language  on input line 22.
LaTeX Font Info:    Try loading font information for T2A+cmtt on input line 26.


(/usr/share/texlive/texmf-dist/tex/latex/cyrillic/t2acmtt.fd
File: t2acmtt.fd 2001/08/11 v1.0a Computer Modern Cyrillic font definitions
)
Package babel Info: Redefining russian shorthand "|
(babel)             in language  on input line 38.
Package babel Info: Redefining russian shorthand "~
(babel)             in language  on input line 38.
Package babel Info: Redefining russian shorthand "|
(babel)             in language  on input line 38.
Package babel Info: Redefining russian shorthand "~
(babel)             in language  on input line 38.
 [1

{/var/lib/texmf/fonts/map/pdftex/updmap/pdftex.map}]

! Package utf8x Error: MalformedUTF-8sequence.

See the utf8x package documentation for explanation.
Type  H <return>  for immediate help.
 ...                                              
                                                  
l.57 с4:
         ~# /etc/firewall
Ifthecharacterisanargument,putitin{}

(/usr/share/texlive/texmf-dist/tex/latex/ucs/data/uni-255.def
File: uni-255.def 2013/05/13 UCS: Unicode data U+FF00..U+FFFF
)
(/usr/share/texlive/texmf-dist/tex/latex/ucs/data/uninames.dat
File: uninames.dat 2013/05/13 UCS: Unicode character names, compressed
)
(/usr/share/texlive/texmf-dist/tex/latex/ucs/data/uni-255.def
File: uni-255.def 2013/05/13 UCS: Unicode data U+FF00..U+FFFF
)

! Package ucs Error: Unknown Unicode character 65533 = U+FFFD,
(ucs)                possibly declared in uni-255.def.
(ucs)                Type H to see if it is available with options.

See the ucs package documentation for explanation.
Type  H <return>  for immediate help.
 ...                                              
                                                  
l.57 с4:
         ~# /etc/firewall
Unicode character 65533 = U+FFFD:
REPLACEMENT CHARACTER
Character is not defined in uni-*.def files.
Enter I!<RET> to define the glyph.

Package babel Info: Redefining russian shorthand "|
(babel)             in language  on input line 60.
Package babel Info: Redefining russian shorthand "~
(babel)             in language  on input line 60.
(/usr/share/texlive/texmf-dist/tex/latex/ucs/data/uni-32.def
File: uni-32.def 2013/05/13 UCS: Unicode data U+2000..U+20FF
)
Package babel Info: Redefining russian shorthand "|
(babel)             in language  on input line 82.
Package babel Info: Redefining russian shorthand "~
(babel)             in language  on input line 82.
Package babel Info: Redefining russian shorthand "|
(babel)             in language  on input line 82.
Package babel Info: Redefining russian shorthand "~
(babel)             in language  on input line 82.
 [2]
Package babel Info: Redefining russian shorthand "|
(babel)             in language  on input line 97.
Package babel Info: Redefining russian shorthand "~
(babel)             in language  on input line 97.
Package babel Info: Redefining russian shorthand "|
(babel)             in language  on input line 97.
Package babel Info: Redefining russian shorthand "~
(babel)             in language  on input line 97.
 [3]
Package babel Info: Redefining russian shorthand "|
(babel)             in language  on input line 112.
Package babel Info: Redefining russian shorthand "~
(babel)             in language  on input line 112.
Package babel Info: Redefining russian shorthand "|
(babel)             in language  on input line 112.
Package babel Info: Redefining russian shorthand "~
(babel)             in language  on input line 112.
 [4]
Package babel Info: Redefining russian shorthand "|
(babel)             in language  on input line 129.
Package babel Info: Redefining russian shorthand "~
(babel)             in language  on input line 129.
Package babel Info: Redefining russian shorthand "|
(babel)             in language  on input line 129.
Package babel Info: Redefining russian shorthand "~
(babel)             in language  on input line 129.

[5]
Package babel Info: Redefining russian shorthand "|
(babel)             in language  on input line 145.
Package babel Info: Redefining russian shorthand "~
(babel)             in language  on input line 145.
Package babel Info: Redefining russian shorthand "|
(babel)             in language  on input line 145.
Package babel Info: Redefining russian shorthand "~
(babel)             in language  on input line 145.
 [6]
Package babel Info: Redefining russian shorthand "|
(babel)             in language  on input line 160.
Package babel Info: Redefining russian shorthand "~
(babel)             in language  on input line 160.
Package babel Info: Redefining russian shorthand "|
(babel)             in language  on input line 160.
Package babel Info: Redefining russian shorthand "~
(babel)             in language  on input line 160.
 [7]
Package babel Info: Redefining russian shorthand "|
(babel)             in language  on input line 176.
Package babel Info: Redefining russian shorthand "~
(babel)             in language  on input line 176.
Package babel Info: Redefining russian shorthand "|
(babel)             in language  on input line 176.
Package babel Info: Redefining russian shorthand "~
(babel)             in language  on input line 176.
 [8]
Package babel Info: Redefining russian shorthand "|
(babel)             in language  on input line 191.
Package babel Info: Redefining russian shorthand "~
(babel)             in language  on input line 191.
Package babel Info: Redefining russian shorthand "|
(babel)             in language  on input line 191.
Package babel Info: Redefining russian shorthand "~
(babel)             in language  on input line 191.
 [9]
Package babel Info: Redefining russian shorthand "|
(babel)             in language  on input line 207.
Package babel Info: Redefining russian shorthand "~
(babel)             in language  on input line 207.
Package babel Info: Redefining russian shorthand "|
(babel)             in language  on input line 207.
Package babel Info: Redefining russian shorthand "~
(babel)             in language  on input line 207.
 [10]
Package babel Info: Redefining russian shorthand "|
(babel)             in language  on input line 222.
Package babel Info: Redefining russian shorthand "~
(babel)             in language  on input line 222.
Package babel Info: Redefining russian shorthand "|
(babel)             in language  on input line 222.
Package babel Info: Redefining russian shorthand "~
(babel)             in language  on input line 222.
 [11]
Package babel Info: Redefining russian shorthand "|
(babel)             in language  on input line 238.
Package babel Info: Redefining russian shorthand "~
(babel)             in language  on input line 238.
Package babel Info: Redefining russian shorthand "|
(babel)             in language  on input line 238.
Package babel Info: Redefining russian shorthand "~
(babel)             in language  on input line 238.
 [12]
Package babel Info: Redefining russian shorthand "|
(babel)             in language  on input line 253.
Package babel Info: Redefining russian shorthand "~
(babel)             in language  on input line 253.
Package babel Info: Redefining russian shorthand "|
(babel)             in language  on input line 253.
Package babel Info: Redefining russian shorthand "~
(babel)             in language  on input line 253.
 [13]
Package babel Info: Redefining russian shorthand "|
(babel)             in language  on input line 269.
Package babel Info: Redefining russian shorthand "~
(babel)             in language  on input line 269.
Package babel Info: Redefining russian shorthand "|
(babel)             in language  on input line 269.
Package babel Info: Redefining russian shorthand "~
(babel)             in language  on input line 269.
 [14]
Package babel Info: Redefining russian shorthand "|
(babel)             in language  on input line 284.
Package babel Info: Redefining russian shorthand "~
(babel)             in language  on input line 284.
Package babel Info: Redefining russian shorthand "|
(babel)             in language  on input line 284.
Package babel Info: Redefining russian shorthand "~
(babel)             in language  on input line 284.
 [15]
Package babel Info: Redefining russian shorthand "|
(babel)             in language  on input line 300.
Package babel Info: Redefining russian shorthand "~
(babel)             in language  on input line 300.
Package babel Info: Redefining russian shorthand "|
(babel)             in language  on input line 300.
Package babel Info: Redefining russian shorthand "~
(babel)             in language  on input line 300.
 [16]
Package babel Info: Redefining russian shorthand "|
(babel)             in language  on input line 317.
Package babel Info: Redefining russian shorthand "~
(babel)             in language  on input line 317.
Package babel Info: Redefining russian shorthand "|
(babel)             in language  on input line 317.
Package babel Info: Redefining russian shorthand "~
(babel)             in language  on input line 317.
 [17]
Package babel Info: Redefining russian shorthand "|
(babel)             in language  on input line 334.
Package babel Info: Redefining russian shorthand "~
(babel)             in language  on input line 334.
Package babel Info: Redefining russian shorthand "|
(babel)             in language  on input line 334.
Package babel Info: Redefining russian shorthand "~
(babel)             in language  on input line 334.
 [18]
Package babel Info: Redefining russian shorthand "|
(babel)             in language  on input line 362.
Package babel Info: Redefining russian shorthand "~
(babel)             in language  on input line 362.
Package babel Info: Redefining russian shorthand "|
(babel)             in language  on input line 362.
Package babel Info: Redefining russian shorthand "~
(babel)             in language  on input line 362.
 [19]
Package babel Info: Redefining russian shorthand "|
(babel)             in language  on input line 371.
Package babel Info: Redefining russian shorthand "~
(babel)             in language  on input line 371.
Package babel Info: Redefining russian shorthand "|
(babel)             in language  on input line 408.
Package babel Info: Redefining russian shorthand "~
(babel)             in language  on input line 408.
Package babel Info: Redefining russian shorthand "|
(babel)             in language  on input line 408.
Package babel Info: Redefining russian shorthand "~
(babel)             in language  on input line 408.
 [20]
Package babel Info: Redefining russian shorthand "|
(babel)             in language  on input line 438.
Package babel Info: Redefining russian shorthand "~
(babel)             in language  on input line 438.
Package babel Info: Redefining russian shorthand "|
(babel)             in language  on input line 438.
Package babel Info: Redefining russian shorthand "~
(babel)             in language  on input line 438.

[21]
Package babel Info: Redefining russian shorthand "|
(babel)             in language  on input line 462.
Package babel Info: Redefining russian shorthand "~
(babel)             in language  on input line 462.
Package babel Info: Redefining russian shorthand "|
(babel)             in language  on input line 462.
Package babel Info: Redefining russian shorthand "~
(babel)             in language  on input line 462.
 [22]
Package babel Info: Redefining russian shorthand "|
(babel)             in language  on input line 485.
Package babel Info: Redefining russian shorthand "~
(babel)             in language  on input line 485.
Package babel Info: Redefining russian shorthand "|
(babel)             in language  on input line 485.
Package babel Info: Redefining russian shorthand "~
(babel)             in language  on input line 485.
 [23]
Package babel Info: Redefining russian shorthand "|
(babel)             in language  on input line 509.
Package babel Info: Redefining russian shorthand "~
(babel)             in language  on input line 509.
Package babel Info: Redefining russian shorthand "|
(babel)             in language  on input line 509.
Package babel Info: Redefining russian shorthand "~
(babel)             in language  on input line 509.
 [24]
Package babel Info: Redefining russian shorthand "|
(babel)             in language  on input line 534.
Package babel Info: Redefining russian shorthand "~
(babel)             in language  on input line 534.
Package babel Info: Redefining russian shorthand "|
(babel)             in language  on input line 534.
Package babel Info: Redefining russian shorthand "~
(babel)             in language  on input line 534.
 [25]
Package babel Info: Redefining russian shorthand "|
(babel)             in language  on input line 557.
Package babel Info: Redefining russian shorthand "~
(babel)             in language  on input line 557.
Package babel Info: Redefining russian shorthand "|
(babel)             in language  on input line 557.
Package babel Info: Redefining russian shorthand "~
(babel)             in language  on input line 557.
 [26]
Package babel Info: Redefining russian shorthand "|
(babel)             in language  on input line 580.
Package babel Info: Redefining russian shorthand "~
(babel)             in language  on input line 580.
Package babel Info: Redefining russian shorthand "|
(babel)             in language  on input line 580.
Package babel Info: Redefining russian shorthand "~
(babel)             in language  on input line 580.
 [27]
Package babel Info: Redefining russian shorthand "|
(babel)             in language  on input line 603.
Package babel Info: Redefining russian shorthand "~
(babel)             in language  on input line 603.
Package babel Info: Redefining russian shorthand "|
(babel)             in language  on input line 603.
Package babel Info: Redefining russian shorthand "~
(babel)             in language  on input line 603.
 [28]
Package babel Info: Redefining russian shorthand "|
(babel)             in language  on input line 626.
Package babel Info: Redefining russian shorthand "~
(babel)             in language  on input line 626.
Package babel Info: Redefining russian shorthand "|
(babel)             in language  on input line 626.
Package babel Info: Redefining russian shorthand "~
(babel)             in language  on input line 626.
 [29]
Package babel Info: Redefining russian shorthand "|
(babel)             in language  on input line 649.
Package babel Info: Redefining russian shorthand "~
(babel)             in language  on input line 649.
Package babel Info: Redefining russian shorthand "|
(babel)             in language  on input line 649.
Package babel Info: Redefining russian shorthand "~
(babel)             in language  on input line 649.
 [30]
Package babel Info: Redefining russian shorthand "|
(babel)             in language  on input line 672.
Package babel Info: Redefining russian shorthand "~
(babel)             in language  on input line 672.
Package babel Info: Redefining russian shorthand "|
(babel)             in language  on input line 672.
Package babel Info: Redefining russian shorthand "~
(babel)             in language  on input line 672.
 [31]
Package babel Info: Redefining russian shorthand "|
(babel)             in language  on input line 695.
Package babel Info: Redefining russian shorthand "~
(babel)             in language  on input line 695.
Package babel Info: Redefining russian shorthand "|
(babel)             in language  on input line 695.
Package babel Info: Redefining russian shorthand "~
(babel)             in language  on input line 695.
 [32]
Package babel Info: Redefining russian shorthand "|
(babel)             in language  on input line 721.
Package babel Info: Redefining russian shorthand "~
(babel)             in language  on input line 721.
Package babel Info: Redefining russian shorthand "|
(babel)             in language  on input line 721.
Package babel Info: Redefining russian shorthand "~
(babel)             in language  on input line 721.
 [33]
Package babel Info: Redefining russian shorthand "|
(babel)             in language  on input line 741.
Package babel Info: Redefining russian shorthand "~
(babel)             in language  on input line 741.
Package babel Info: Redefining russian shorthand "|
(babel)             in language  on input line 751.
Package babel Info: Redefining russian shorthand "~
(babel)             in language  on input line 751.
Package babel Info: Redefining russian shorthand "|
(babel)             in language  on input line 751.
Package babel Info: Redefining russian shorthand "~
(babel)             in language  on input line 751.
 [34]
Package babel Info: Redefining russian shorthand "|
(babel)             in language  on input line 784.
Package babel Info: Redefining russian shorthand "~
(babel)             in language  on input line 784.
Package babel Info: Redefining russian shorthand "|
(babel)             in language  on input line 784.
Package babel Info: Redefining russian shorthand "~
(babel)             in language  on input line 784.
 [35]
Package babel Info: Redefining russian shorthand "|
(babel)             in language  on input line 811.
Package babel Info: Redefining russian shorthand "~
(babel)             in language  on input line 811.
Package babel Info: Redefining russian shorthand "|
(babel)             in language  on input line 811.
Package babel Info: Redefining russian shorthand "~
(babel)             in language  on input line 811.

[36]
Package babel Info: Redefining russian shorthand "|
(babel)             in language  on input line 818.
Package babel Info: Redefining russian shorthand "~
(babel)             in language  on input line 818.
Package babel Info: Redefining russian shorthand "|
(babel)             in language  on input line 836.
Package babel Info: Redefining russian shorthand "~
(babel)             in language  on input line 836.
Package babel Info: Redefining russian shorthand "|
(babel)             in language  on input line 836.
Package babel Info: Redefining russian shorthand "~
(babel)             in language  on input line 836.
 [37]
Package babel Info: Redefining russian shorthand "|
(babel)             in language  on input line 864.
Package babel Info: Redefining russian shorthand "~
(babel)             in language  on input line 864.
Package babel Info: Redefining russian shorthand "|
(babel)             in language  on input line 864.
Package babel Info: Redefining russian shorthand "~
(babel)             in language  on input line 864.
 [38]
Package babel Info: Redefining russian shorthand "|
(babel)             in language  on input line 890.
Package babel Info: Redefining russian shorthand "~
(babel)             in language  on input line 890.
Package babel Info: Redefining russian shorthand "|
(babel)             in language  on input line 890.
Package babel Info: Redefining russian shorthand "~
(babel)             in language  on input line 890.
 [39]
Package babel Info: Redefining russian shorthand "|
(babel)             in language  on input line 914.
Package babel Info: Redefining russian shorthand "~
(babel)             in language  on input line 914.
Package babel Info: Redefining russian shorthand "|
(babel)             in language  on input line 917.
Package babel Info: Redefining russian shorthand "~
(babel)             in language  on input line 917.
Package babel Info: Redefining russian shorthand "|
(babel)             in language  on input line 917.
Package babel Info: Redefining russian shorthand "~
(babel)             in language  on input line 917.
 [40]
Package babel Info: Redefining russian shorthand "|
(babel)             in language  on input line 942.
Package babel Info: Redefining russian shorthand "~
(babel)             in language  on input line 942.
Package babel Info: Redefining russian shorthand "|
(babel)             in language  on input line 942.
Package babel Info: Redefining russian shorthand "~
(babel)             in language  on input line 942.
 [41]
Package babel Info: Redefining russian shorthand "|
(babel)             in language  on input line 967.
Package babel Info: Redefining russian shorthand "~
(babel)             in language  on input line 967.
Package babel Info: Redefining russian shorthand "|
(babel)             in language  on input line 967.
Package babel Info: Redefining russian shorthand "~
(babel)             in language  on input line 967.
 [42]
Package babel Info: Redefining russian shorthand "|
(babel)             in language  on input line 990.
Package babel Info: Redefining russian shorthand "~
(babel)             in language  on input line 990.
Package babel Info: Redefining russian shorthand "|
(babel)             in language  on input line 990.
Package babel Info: Redefining russian shorthand "~
(babel)             in language  on input line 990.
 [43]
Package babel Info: Redefining russian shorthand "|
(babel)             in language  on input line 1009.
Package babel Info: Redefining russian shorthand "~
(babel)             in language  on input line 1009.
Package babel Info: Redefining russian shorthand "|
(babel)             in language  on input line 1021.
Package babel Info: Redefining russian shorthand "~
(babel)             in language  on input line 1021.
Package babel Info: Redefining russian shorthand "|
(babel)             in language  on input line 1021.
Package babel Info: Redefining russian shorthand "~
(babel)             in language  on input line 1021.
 [44]
Package babel Info: Redefining russian shorthand "|
(babel)             in language  on input line 1037.
Package babel Info: Redefining russian shorthand "~
(babel)             in language  on input line 1037.
Package babel Info: Redefining russian shorthand "|
(babel)             in language  on input line 1037.
Package babel Info: Redefining russian shorthand "~
(babel)             in language  on input line 1037.
 [45]
Package babel Info: Redefining russian shorthand "|
(babel)             in language  on input line 1053.
Package babel Info: Redefining russian shorthand "~
(babel)             in language  on input line 1053.
Package babel Info: Redefining russian shorthand "|
(babel)             in language  on input line 1053.
Package babel Info: Redefining russian shorthand "~
(babel)             in language  on input line 1053.
 [46]
Package babel Info: Redefining russian shorthand "|
(babel)             in language  on input line 1069.
Package babel Info: Redefining russian shorthand "~
(babel)             in language  on input line 1069.
Package babel Info: Redefining russian shorthand "|
(babel)             in language  on input line 1069.
Package babel Info: Redefining russian shorthand "~
(babel)             in language  on input line 1069.
 [47]
Package babel Info: Redefining russian shorthand "|
(babel)             in language  on input line 1086.
Package babel Info: Redefining russian shorthand "~
(babel)             in language  on input line 1086.
Package babel Info: Redefining russian shorthand "|
(babel)             in language  on input line 1086.
Package babel Info: Redefining russian shorthand "~
(babel)             in language  on input line 1086.
 [48]
Package babel Info: Redefining russian shorthand "|
(babel)             in language  on input line 1092.
Package babel Info: Redefining russian shorthand "~
(babel)             in language  on input line 1092.
Package babel Info: Redefining russian shorthand "|
(babel)             in language  on input line 1108.
Package babel Info: Redefining russian shorthand "~
(babel)             in language  on input line 1108.
Package babel Info: Redefining russian shorthand "|
(babel)             in language  on input line 1108.
Package babel Info: Redefining russian shorthand "~
(babel)             in language  on input line 1108.
 [49]
Package babel Info: Redefining russian shorthand "|
(babel)             in language  on input line 1126.
Package babel Info: Redefining russian shorthand "~
(babel)             in language  on input line 1126.
Package babel Info: Redefining russian shorthand "|
(babel)             in language  on input line 1126.
Package babel Info: Redefining russian shorthand "~
(babel)             in language  on input line 1126.
 [50]
Package babel Info: Redefining russian shorthand "|
(babel)             in language  on input line 1144.
Package babel Info: Redefining russian shorthand "~
(babel)             in language  on input line 1144.
Package babel Info: Redefining russian shorthand "|
(babel)             in language  on input line 1144.
Package babel Info: Redefining russian shorthand "~
(babel)             in language  on input line 1144.

[51]
Package babel Info: Redefining russian shorthand "|
(babel)             in language  on input line 1153.
Package babel Info: Redefining russian shorthand "~
(babel)             in language  on input line 1153.
Package babel Info: Redefining russian shorthand "|
(babel)             in language  on input line 1169.
Package babel Info: Redefining russian shorthand "~
(babel)             in language  on input line 1169.
Package babel Info: Redefining russian shorthand "|
(babel)             in language  on input line 1169.
Package babel Info: Redefining russian shorthand "~
(babel)             in language  on input line 1169.
 [52]
Package babel Info: Redefining russian shorthand "|
(babel)             in language  on input line 1171.
Package babel Info: Redefining russian shorthand "~
(babel)             in language  on input line 1171.
Package babel Info: Redefining russian shorthand "|
(babel)             in language  on input line 1209.
Package babel Info: Redefining russian shorthand "~
(babel)             in language  on input line 1209.
Package babel Info: Redefining russian shorthand "|
(babel)             in language  on input line 1209.
Package babel Info: Redefining russian shorthand "~
(babel)             in language  on input line 1209.
 [53]
Package babel Info: Redefining russian shorthand "|
(babel)             in language  on input line 1234.
Package babel Info: Redefining russian shorthand "~
(babel)             in language  on input line 1234.
Package babel Info: Redefining russian shorthand "|
(babel)             in language  on input line 1234.
Package babel Info: Redefining russian shorthand "~
(babel)             in language  on input line 1234.
 [54]
Package atveryend Info: Empty hook `BeforeClearDocument' on input line 1244.
Package babel Info: Redefining russian shorthand "|
(babel)             in language  on input line 1244.
Package babel Info: Redefining russian shorthand "~
(babel)             in language  on input line 1244.
Package babel Info: Redefining russian shorthand "|
(babel)             in language  on input line 1244.
Package babel Info: Redefining russian shorthand "~
(babel)             in language  on input line 1244.
 [55]
Package atveryend Info: Empty hook `AfterLastShipout' on input line 1244.
 (./report.aux)
Package atveryend Info: Executing hook `AtVeryEndDocument' on input line 1244.
Package atveryend Info: Executing hook `AtEndAfterFileList' on input line 1244.

Package rerunfilecheck Info: File `report.out' has not changed.
(rerunfilecheck)             Checksum: 1D853B951ACC52FE4494A04226AEF65A;1988.
Package atveryend Info: Empty hook `AtVeryVeryEnd' on input line 1244.
 ) 
Here is how much of TeX's memory you used:
 24796 strings out of 494515
 435641 string characters out of 6173718
 752940 words of memory out of 5000000
 26428 multiletter control sequences out of 15000+600000
 11876 words of font info for 34 fonts, out of 8000000 for 9000
 430 hyphenation exceptions out of 8191
 58i,6n,65p,553b,1779s stack positions out of 5000i,500n,10000p,200000b,80000s
 </home/sa/.texmf-var/fonts/pk/ljfour/lh/lh-t2a/latt1200.600pk> </home/sa/.te
xmf-var/fonts/pk/ljfour/lh/lh-t2a/larm1200.600pk> </home/sa/.texmf-var/fonts/pk
/ljfour/lh/lh-t2a/labx1200.600pk> </home/sa/.texmf-var/fonts/pk/ljfour/lh/lh-t2
a/labx1728.600pk> </home/sa/.texmf-var/fonts/pk/ljfour/lh/lh-t2a/larm1440.600pk
> </home/sa/.texmf-var/fonts/pk/ljfour/lh/lh-t2a/larm2074.600pk></usr/share/tex
live/texmf-dist/fonts/type1/public/amsfonts/cm/cmtt12.pfb>
Output written on report.pdf (55 pages, 183306 bytes).
PDF statistics:
 2019 PDF objects out of 2073 (max. 8388607)
 1630 compressed objects within 17 object streams
 1193 named destinations out of 1200 (max. 500000)
 93 words of extra memory for PDF output out of 10000 (max. 10000000)

